[INFO] ========================================================================
[INFO] CHUCK'S LIST BUILDER START
[INFO] ========================================================================
[INFO] BASE_DIR: C:\Users\Travis\Desktop\ChucksList\chucks_list_compiler
[INFO] ISSUE_DATE: 2026-05-29
[INFO] ISSUE_TYPE: both
[INFO] LOG_TO_FILE: True
[INFO] NO_OPEN_VSCODE: False
[INFO] LOG_PATH: C:\Users\Travis\Desktop\ChucksList\chucks_list_compiler\logs\build-both-2026-05-29-20260530-003833.log
[INFO] Found bulletin source: C:\Users\Travis\Desktop\ChucksList\chucks_list_compiler\Bulletins.csv
[INFO] Found events source: C:\Users\Travis\Desktop\ChucksList\chucks_list_compiler\Events.csv
[INFO] ========================================================================
[INFO] BULLETIN PIPELINE
[INFO] ========================================================================
[INFO] Running: C:\Users\Travis\AppData\Local\Python\pythoncore-3.14-64\python.exe C:\Users\Travis\Desktop\ChucksList\chucks_list_compiler\bulletins\preprocess_bulletin_text.py --issue-date 2026-05-29
[INFO] Working directory: C:\Users\Travis\Desktop\ChucksList\chucks_list_compiler\bulletins
[INFO] preprocess_bulletin_text.py | SCRIPT_DIR: C:\Users\Travis\Desktop\ChucksList\chucks_list_compiler\bulletins
[INFO] preprocess_bulletin_text.py | PROJECT_ROOT: C:\Users\Travis\Desktop\ChucksList\chucks_list_compiler
[INFO] preprocess_bulletin_text.py | INPUT_CSV: C:\Users\Travis\Desktop\ChucksList\chucks_list_compiler\Bulletins.csv
[INFO] preprocess_bulletin_text.py | OUTPUT_PATH: C:\Users\Travis\Desktop\ChucksList\chucks_list_compiler\bulletins\bulletins_data.csv
[INFO] preprocess_bulletin_text.py | ISSUE_DATE: 2026-05-29
[INFO] preprocess_bulletin_text.py | Reading bulletins CSV: C:\Users\Travis\Desktop\ChucksList\chucks_list_compiler\Bulletins.csv
[INFO] preprocess_bulletin_text.py | Original headers: ['Received', 'Expires', 'Section', 'Title', 'Text', 'Image', 'notes']
[INFO] preprocess_bulletin_text.py | Normalized headers: ['Received', 'Expires', 'Section', 'Title', 'Text', 'Image', 'notes']
[INFO] preprocess_bulletin_text.py | Bulletin records loaded: 14
[INFO] preprocess_bulletin_text.py | Bulletin rows selected: 14
[INFO] preprocess_bulletin_text.py | Wrote bulletins file: C:\Users\Travis\Desktop\ChucksList\chucks_list_compiler\bulletins\bulletins_data.csv
[INFO] preprocess_bulletin_text.py completed successfully
[INFO] Running: C:\Users\Travis\AppData\Local\Python\pythoncore-3.14-64\python.exe C:\Users\Travis\Desktop\ChucksList\chucks_list_compiler\bulletins\compile_bulletin.py --issue-date 2026-05-29
[INFO] Working directory: C:\Users\Travis\Desktop\ChucksList\chucks_list_compiler\bulletins
[INFO] compile_bulletin.py | Wrote C:\Users\Travis\Desktop\ChucksList\chucks_list_compiler\bulletins\chucks_bulletin_final_output.html
[INFO] compile_bulletin.py completed successfully
[INFO] Bulletin pipeline succeeded
[INFO] ========================================================================
[INFO] EVENTS PIPELINE
[INFO] ========================================================================
[INFO] Running: C:\Users\Travis\AppData\Local\Python\pythoncore-3.14-64\python.exe C:\Users\Travis\Desktop\ChucksList\chucks_list_compiler\events\preprocess_events_text.py --issue-date 2026-05-29
[INFO] Working directory: C:\Users\Travis\Desktop\ChucksList\chucks_list_compiler\events
[INFO] preprocess_events_text.py | SCRIPT_DIR: C:\Users\Travis\Desktop\ChucksList\chucks_list_compiler\events
[INFO] preprocess_events_text.py | BASE_DIR: C:\Users\Travis\Desktop\ChucksList
[INFO] preprocess_events_text.py | COMPILER_DIR: C:\Users\Travis\Desktop\ChucksList\chucks_list_compiler
[INFO] preprocess_events_text.py | EVENTS_CSV_PATH: C:\Users\Travis\Desktop\ChucksList\chucks_list_compiler\Events.csv
[INFO] preprocess_events_text.py | EVENTS_OUTPUT_PATH: C:\Users\Travis\Desktop\ChucksList\chucks_list_compiler\events\events_data.csv
[INFO] preprocess_events_text.py | ISSUE_DATE: 2026-05-29
[INFO] preprocess_events_text.py | Reading events CSV: C:\Users\Travis\Desktop\ChucksList\chucks_list_compiler\Events.csv
[INFO] preprocess_events_text.py | Original headers: ['Received', 'Starts', 'Expires', 'Section', 'Title', 'Text', 'Image', 'notes']
[INFO] preprocess_events_text.py | Normalized headers: ['received', 'starts', 'ends', 'section', 'title', 'text', 'image', 'notes']
[INFO] preprocess_events_text.py | Event records loaded: 44
[INFO] preprocess_events_text.py | Event rows selected: 26
[INFO] preprocess_events_text.py | Wrote events file: C:\Users\Travis\Desktop\ChucksList\chucks_list_compiler\events\events_data.csv
[INFO] preprocess_events_text.py | Events written: 26
[INFO] preprocess_events_text.py completed successfully
[INFO] Running: C:\Users\Travis\AppData\Local\Python\pythoncore-3.14-64\python.exe C:\Users\Travis\Desktop\ChucksList\chucks_list_compiler\events\compile_events.py --issue-date 2026-05-29
[INFO] Working directory: C:\Users\Travis\Desktop\ChucksList\chucks_list_compiler\events
[INFO] compile_events.py | Wrote C:\Users\Travis\Desktop\ChucksList\chucks_list_compiler\events\chucks_events_final_output.html
[INFO] compile_events.py completed successfully
[INFO] Events pipeline succeeded
[INFO] ========================================================================
[INFO] BUILD SUMMARY
[INFO] ========================================================================
[INFO] Bulletin pipeline: SUCCESS
[INFO] Events pipeline: SUCCESS
[INFO] Build completed successfully
