[INFO] Chuck's List Builder starting
[INFO] Root directory: C:\Users\Travis\Desktop\ChucksList\chucks_list_compiler
[INFO] Issue type: both
[INFO] Issue date (parsed): 2026-05-29
[INFO] Verified required script files.
[INFO] === Bulletin pipeline starting ===
[INFO] Bulletin preprocess: running in C:\Users\Travis\Desktop\ChucksList\chucks_list_compiler\bulletins -> py preprocess_bulletin_text.py --issue-date 2026-05-29
[INFO] Bulletin preprocess stdout:
SCRIPT_DIR: C:\Users\Travis\Desktop\ChucksList\chucks_list_compiler\bulletins
BASE_DIR: C:\Users\Travis\Desktop\ChucksList
COMPILER_DIR: C:\Users\Travis\Desktop\ChucksList\chucks_list_compiler
BULLETINS_CSV_PATH: C:\Users\Travis\Desktop\ChucksList\chucks_list_compiler\Bulletins.csv
BULLETINS_OUTPUT_PATH: C:\Users\Travis\Desktop\ChucksList\chucks_list_compiler\bulletins\bulletins_data.csv
ISSUE_DATE: 2026-05-29
Reading bulletins CSV: C:\Users\Travis\Desktop\ChucksList\chucks_list_compiler\Bulletins.csv
Original headers: ['Received', 'Expires', 'Section', 'Title', 'Text', 'Image', 'notes']
Normalized headers: ['Received', 'Expires', 'Section', 'Title', 'Text', 'Image', 'notes']
Bulletin records loaded: 14
Bulletin rows selected: 14
Wrote bulletins file: C:\Users\Travis\Desktop\ChucksList\chucks_list_compiler\bulletins\bulletins_data.csv
Bulletins written: 14
[INFO] Bulletin preprocess: completed successfully
[INFO] Bulletin compile: running in C:\Users\Travis\Desktop\ChucksList\chucks_list_compiler\bulletins -> py compile_bulletin.py
[INFO] Bulletin compile stdout:
Wrote C:\Users\Travis\Desktop\ChucksList\chucks_list_compiler\bulletins\chucks_bulletin_final_output.html
[INFO] Bulletin compile: completed successfully
[INFO] Bulletin output ready: C:\Users\Travis\Desktop\ChucksList\chucks_list_compiler\bulletins\chucks_bulletin_final_output.html
[INFO] === Bulletin pipeline completed ===
[INFO] === Events pipeline starting ===
[INFO] Events preprocess: running in C:\Users\Travis\Desktop\ChucksList\chucks_list_compiler\events -> py preprocess_events_text.py --issue-date 2026-05-29
[INFO] Events preprocess stdout:
SCRIPT_DIR: C:\Users\Travis\Desktop\ChucksList\chucks_list_compiler\events
BASE_DIR: C:\Users\Travis\Desktop\ChucksList
COMPILER_DIR: C:\Users\Travis\Desktop\ChucksList\chucks_list_compiler
EVENTS_CSV_PATH: C:\Users\Travis\Desktop\ChucksList\chucks_list_compiler\Events.csv
EVENTS_OUTPUT_PATH: C:\Users\Travis\Desktop\ChucksList\chucks_list_compiler\events\events_data.csv
ISSUE_DATE: 2026-05-29
Reading events CSV: C:\Users\Travis\Desktop\ChucksList\chucks_list_compiler\Events.csv
Original headers: ['Received', 'Starts', 'Expires', 'Section', 'Title', 'Text', 'Image', 'notes']
Normalized headers: ['received', 'starts', 'ends', 'section', 'title', 'text', 'image', 'notes']
Event records loaded: 44
Event rows selected: 26
Wrote events file: C:\Users\Travis\Desktop\ChucksList\chucks_list_compiler\events\events_data.csv
Events written: 26
[INFO] Events preprocess: completed successfully
[INFO] Events compile: running in C:\Users\Travis\Desktop\ChucksList\chucks_list_compiler\events -> py compile_events.py
[INFO] Events compile stdout:
Wrote C:\Users\Travis\Desktop\ChucksList\chucks_list_compiler\events\chucks_events_final_output.html
[INFO] Events compile: completed successfully
[INFO] Events output ready: C:\Users\Travis\Desktop\ChucksList\chucks_list_compiler\events\chucks_events_final_output.html
[INFO] === Events pipeline completed ===
[INFO] === Run summary ===
[INFO] Bulletin pipeline: PASS
[INFO] Events pipeline: PASS
[INFO] All requested pipelines completed successfully.
[INFO] Next steps: validate HTML, package assets, upload to Zoho.
[INFO] Chuck's List Builder starting
[INFO] Root directory: C:\Users\Travis\Desktop\ChucksList\chucks_list_compiler
[INFO] Issue type: both
[INFO] Issue date (parsed): 2026-05-29
[INFO] Verified required script files.
[INFO] === Bulletin pipeline starting ===
[INFO] Bulletin preprocess: running in C:\Users\Travis\Desktop\ChucksList\chucks_list_compiler\bulletins -> py preprocess_bulletin_text.py --issue-date 2026-05-29
[INFO] Bulletin preprocess stdout:
SCRIPT_DIR: C:\Users\Travis\Desktop\ChucksList\chucks_list_compiler\bulletins
BASE_DIR: C:\Users\Travis\Desktop\ChucksList
COMPILER_DIR: C:\Users\Travis\Desktop\ChucksList\chucks_list_compiler
BULLETINS_CSV_PATH: C:\Users\Travis\Desktop\ChucksList\chucks_list_compiler\Bulletins.csv
BULLETINS_OUTPUT_PATH: C:\Users\Travis\Desktop\ChucksList\chucks_list_compiler\bulletins\bulletins_data.csv
ISSUE_DATE: 2026-05-29
Reading bulletins CSV: C:\Users\Travis\Desktop\ChucksList\chucks_list_compiler\Bulletins.csv
Original headers: ['Received', 'Expires', 'Section', 'Title', 'Text', 'Image', 'notes']
Normalized headers: ['Received', 'Expires', 'Section', 'Title', 'Text', 'Image', 'notes']
Bulletin records loaded: 14
Bulletin rows selected: 14
Wrote bulletins file: C:\Users\Travis\Desktop\ChucksList\chucks_list_compiler\bulletins\bulletins_data.csv
Bulletins written: 14
[INFO] Bulletin preprocess: completed successfully
[INFO] Bulletin compile: running in C:\Users\Travis\Desktop\ChucksList\chucks_list_compiler\bulletins -> py compile_bulletin.py
[INFO] Bulletin compile stdout:
Wrote C:\Users\Travis\Desktop\ChucksList\chucks_list_compiler\bulletins\chucks_bulletin_final_output.html
[INFO] Bulletin compile: completed successfully
[INFO] Bulletin output ready: C:\Users\Travis\Desktop\ChucksList\chucks_list_compiler\bulletins\chucks_bulletin_final_output.html
[INFO] === Bulletin pipeline completed ===
[INFO] === Events pipeline starting ===
[INFO] Events preprocess: running in C:\Users\Travis\Desktop\ChucksList\chucks_list_compiler\events -> py preprocess_events_text.py --issue-date 2026-05-29
[INFO] Events preprocess stdout:
SCRIPT_DIR: C:\Users\Travis\Desktop\ChucksList\chucks_list_compiler\events
BASE_DIR: C:\Users\Travis\Desktop\ChucksList
COMPILER_DIR: C:\Users\Travis\Desktop\ChucksList\chucks_list_compiler
EVENTS_CSV_PATH: C:\Users\Travis\Desktop\ChucksList\chucks_list_compiler\Events.csv
EVENTS_OUTPUT_PATH: C:\Users\Travis\Desktop\ChucksList\chucks_list_compiler\events\events_data.csv
ISSUE_DATE: 2026-05-29
Reading events CSV: C:\Users\Travis\Desktop\ChucksList\chucks_list_compiler\Events.csv
Original headers: ['Received', 'Starts', 'Expires', 'Section', 'Title', 'Text', 'Image', 'notes']
Normalized headers: ['received', 'starts', 'ends', 'section', 'title', 'text', 'image', 'notes']
Event records loaded: 44
Event rows selected: 26
Wrote events file: C:\Users\Travis\Desktop\ChucksList\chucks_list_compiler\events\events_data.csv
Events written: 26
[INFO] Events preprocess: completed successfully
[INFO] Events compile: running in C:\Users\Travis\Desktop\ChucksList\chucks_list_compiler\events -> py compile_events.py
[INFO] Events compile stdout:
Wrote C:\Users\Travis\Desktop\ChucksList\chucks_list_compiler\events\chucks_events_final_output.html
[INFO] Events compile: completed successfully
[INFO] Events output ready: C:\Users\Travis\Desktop\ChucksList\chucks_list_compiler\events\chucks_events_final_output.html
[INFO] === Events pipeline completed ===
[INFO] === Run summary ===
[INFO] Bulletin pipeline: PASS
[INFO] Events pipeline: PASS
[INFO] All requested pipelines completed successfully.
[INFO] Next steps: validate HTML, package assets, upload to Zoho.
